#
# There is insufficient memory for the Java Runtime Environment to continue.
# Native memory allocation (mmap) failed to map 65536 bytes. Error detail: Failed to commit metaspace.
# Possible reasons:
#   The system is out of physical RAM or swap space
#   This process is running with CompressedOops enabled, and the Java Heap may be blocking the growth of the native heap
# Possible solutions:
#   Reduce memory load on the system
#   Increase physical memory or swap space
#   Check if swap backing store is full
#   Decrease Java heap size (-Xmx/-Xms)
#   Decrease number of Java threads
#   Decrease Java thread stack sizes (-Xss)
#   Set larger code cache with -XX:ReservedCodeCacheSize=
#   JVM is running with Unscaled Compressed Oops mode in which the Java heap is
#     placed in the first 4GB address space. The Java Heap base address is the
#     maximum limit for the native heap growth. Please use -XX:HeapBaseMinAddress
#     to set the Java Heap base and to place the Java Heap above 4GB virtual address.
# This output file may be truncated or incomplete.
#
#  Out of Memory Error (virtualSpaceNode.cpp:113), pid=7448, tid=9624
#
# JRE version: OpenJDK Runtime Environment (21.0.8) (build 21.0.8+-14196175-b1038.72)
# Java VM: OpenJDK 64-Bit Server VM (21.0.8+-14196175-b1038.72, mixed mode, tiered, compressed oops, compressed class ptrs, g1 gc, windows-amd64)
# No core dump will be written. Minidumps are not enabled by default on client versions of Windows
#

---------------  S U M M A R Y ------------

Command Line: -Dorg.gradle.appname=gradlew org.gradle.wrapper.GradleWrapperMain -q -Ptarget-platform=android-arm -Ptarget=C:\Users\Alem21\Desktop\V3\servitec_app\lib\main.dart -Pbase-application-name=android.app.Application -Pdart-defines=RkxVVFRFUl9WRVJTSU9OPTMuMzguNQ==,RkxVVFRFUl9DSEFOTkVMPXN0YWJsZQ==,RkxVVFRFUl9HSVRfVVJMPWh0dHBzOi8vZ2l0aHViLmNvbS9mbHV0dGVyL2ZsdXR0ZXIuZ2l0,RkxVVFRFUl9GUkFNRVdPUktfUkVWSVNJT049ZjZmZjE1MjlmZA==,RkxVVFRFUl9FTkdJTkVfUkVWSVNJT049MTUyN2FlMGVjNQ==,RkxVVFRFUl9EQVJUX1ZFUlNJT049My4xMC40 -Pdart-obfuscation=false -Ptrack-widget-creation=true -Ptree-shake-icons=false -Pfilesystem-scheme=org-dartlang-root assembleDebug

Host: Intel(R) Core(TM) i5-2400 CPU @ 3.10GHz, 4 cores, 7G,  Windows 10 , 64 bit Build 19041 (10.0.19041.5915)
Time: Mon Jan 12 14:24:01 2026 Hora estándar de Venezuela elapsed time: 0.214914 seconds (0d 0h 0m 0s)

---------------  T H R E A D  ---------------

Current thread (0x000001e6cd9335d0):  JavaThread "main"             [_thread_in_vm, id=9624, stack(0x00000011e0d00000,0x00000011e0e00000) (1024K)]

Stack: [0x00000011e0d00000,0x00000011e0e00000]
Native frames: (J=compiled Java code, j=interpreted, Vv=VM code, C=native code)
V  [jvm.dll+0x6d68d9]
V  [jvm.dll+0x866693]
V  [jvm.dll+0x868c4e]
V  [jvm.dll+0x869333]
V  [jvm.dll+0x280566]
V  [jvm.dll+0x86155e]
V  [jvm.dll+0x679fd5]
V  [jvm.dll+0x67a03a]
V  [jvm.dll+0x67c896]
V  [jvm.dll+0x67c762]
V  [jvm.dll+0x67a9ce]
V  [jvm.dll+0x6849f7]
V  [jvm.dll+0x21633c]
V  [jvm.dll+0x216885]
V  [jvm.dll+0x217266]
V  [jvm.dll+0x20c21a]
V  [jvm.dll+0x5b72a5]
V  [jvm.dll+0x21dcec]
V  [jvm.dll+0x7ddccc]
V  [jvm.dll+0x7ded62]
V  [jvm.dll+0x7df552]
V  [jvm.dll+0x21766c]
V  [jvm.dll+0x20c233]
V  [jvm.dll+0x5b72a5]
V  [jvm.dll+0x21dcec]
V  [jvm.dll+0x7ddccc]
V  [jvm.dll+0x7ded62]
V  [jvm.dll+0x7df324]
V  [jvm.dll+0x7defb8]
V  [jvm.dll+0x26eadb]
V  [jvm.dll+0x3d88ae]
C  0x000001e6d7fda72b

The last pc belongs to new (printed below).
Java frames: (J=compiled Java code, j=interpreted, Vv=VM code)
j  java.lang.invoke.LambdaMetafactory.metafactory(Ljava/lang/invoke/MethodHandles$Lookup;Ljava/lang/String;Ljava/lang/invoke/MethodType;Ljava/lang/invoke/MethodType;Ljava/lang/invoke/MethodHandle;Ljava/lang/invoke/MethodType;)Ljava/lang/invoke/CallSite;+0 java.base@21.0.8
j  java.lang.invoke.DirectMethodHandle$Holder.invokeStatic(Ljava/lang/Object;Ljava/lang/Object;Ljava/lang/Object;Ljava/lang/Object;Ljava/lang/Object;Ljava/lang/Object;Ljava/lang/Object;)Ljava/lang/Object;+20 java.base@21.0.8
j  java.lang.invoke.Invokers$Holder.invokeExact_MT(Ljava/lang/Object;Ljava/lang/Object;Ljava/lang/Object;Ljava/lang/Object;Ljava/lang/Object;Ljava/lang/Object;Ljava/lang/Object;Ljava/lang/Object;)Ljava/lang/Object;+28 java.base@21.0.8
j  java.lang.invoke.BootstrapMethodInvoker.invoke(Ljava/lang/Class;Ljava/lang/invoke/MethodHandle;Ljava/lang/String;Ljava/lang/Object;Ljava/lang/Object;Ljava/lang/Class;)Ljava/lang/Object;+319 java.base@21.0.8
j  java.lang.invoke.CallSite.makeSite(Ljava/lang/invoke/MethodHandle;Ljava/lang/String;Ljava/lang/invoke/MethodType;Ljava/lang/Object;Ljava/lang/Class;)Ljava/lang/invoke/CallSite;+8 java.base@21.0.8
j  java.lang.invoke.MethodHandleNatives.linkCallSiteImpl(Ljava/lang/Class;Ljava/lang/invoke/MethodHandle;Ljava/lang/String;Ljava/lang/invoke/MethodType;Ljava/lang/Object;[Ljava/lang/Object;)Ljava/lang/invoke/MemberName;+6 java.base@21.0.8
j  java.lang.invoke.MethodHandleNatives.linkCallSite(Ljava/lang/Object;Ljava/lang/Object;Ljava/lang/Object;Ljava/lang/Object;Ljava/lang/Object;[Ljava/lang/Object;)Ljava/lang/invoke/MemberName;+45 java.base@21.0.8
v  ~StubRoutines::call_stub 0x000001e6d7fc100d
j  java.util.regex.Pattern.Single(I)Ljava/util/regex/Pattern$BmpCharPredicate;+1 java.base@21.0.8
j  java.util.regex.Pattern.single(I)Ljava/util/regex/Pattern$CharPredicate;+78 java.base@21.0.8
j  java.util.regex.Pattern.atom()Ljava/util/regex/Pattern$Node;+404 java.base@21.0.8
j  java.util.regex.Pattern.sequence(Ljava/util/regex/Pattern$Node;)Ljava/util/regex/Pattern$Node;+345 java.base@21.0.8
j  java.util.regex.Pattern.expr(Ljava/util/regex/Pattern$Node;)Ljava/util/regex/Pattern$Node;+12 java.base@21.0.8
j  java.util.regex.Pattern.group0()Ljava/util/regex/Pattern$Node;+655 java.base@21.0.8
j  java.util.regex.Pattern.sequence(Ljava/util/regex/Pattern$Node;)Ljava/util/regex/Pattern$Node;+137 java.base@21.0.8
j  java.util.regex.Pattern.expr(Ljava/util/regex/Pattern$Node;)Ljava/util/regex/Pattern$Node;+12 java.base@21.0.8
j  java.util.regex.Pattern.compile()V+222 java.base@21.0.8
j  java.util.regex.Pattern.<init>(Ljava/lang/String;I)V+108 java.base@21.0.8
j  java.util.regex.Pattern.compile(Ljava/lang/String;)Ljava/util/regex/Pattern;+6 java.base@21.0.8
j  org.gradle.cli.CommandLineParser.<clinit>()V+19
v  ~StubRoutines::call_stub 0x000001e6d7fc100d
j  org.gradle.wrapper.GradleWrapperMain.main([Ljava/lang/String;)V+14
v  ~StubRoutines::call_stub 0x000001e6d7fc100d
new  187 new  [0x000001e6d7fda5a0, 0x000001e6d7fda7a0]  512 bytes
[MachCode]
  0x000001e6d7fda5a0: 4883 ec08 | c5fa 1104 | 24eb 1f48 | 83ec 10c5 | fb11 0424 | eb14 4883 | ec10 4889 | 0424 48c7 
  0x000001e6d7fda5c0: 4424 0800 | 0000 00eb | 0150 410f | b755 010f | cac1 ea10 | 488b 4de8 | 488b 4908 | 488b 4908 
  0x000001e6d7fda5e0: 488b 4108 | 807c 1004 | 070f 85ca | 0000 0066 | 8b54 d148 | 488b 4928 | 488b 4cd1 | 0851 80b9 
  0x000001e6d7fda600: 6101 0000 | 040f 85ad | 0000 008b | 5108 f6c2 | 010f 85a1 | 0000 0049 | 8b87 b801 | 0000 488d 
  0x000001e6d7fda620: 1c10 493b | 9fc8 0100 | 000f 8789 | 0000 0049 | 899f b801 | 0000 4883 | ea10 0f84 | 0f00 0000 
  0x000001e6d7fda640: 33c9 c1ea | 0348 894c | d008 48ff | ca75 f648 | c700 0100 | 0000 5933 | f689 700c | 48c1 e903 
  0x000001e6d7fda660: 8948 0849 | ba19 fad7 | 7cf8 7f00 | 0041 803a | 000f 843c | 0000 0050 | 488b c848 | 83ec 2040 
  0x000001e6d7fda680: f6c4 0f0f | 8419 0000 | 0048 83ec | 0848 b8d0 | d791 7cf8 | 7f00 00ff | d048 83c4 | 08e9 0c00 
  0x000001e6d7fda6a0: 0000 48b8 | d0d7 917c | f87f 0000 | ffd0 4883 | c420 58e9 | cb00 0000 | 5948 8b55 | e848 8b52 
  0x000001e6d7fda6c0: 0848 8b52 | 0845 0fb7 | 4501 410f | c841 c1e8 | 10e8 0500 | 0000 e9a8 | 0000 0048 | 8d44 2408 
  0x000001e6d7fda6e0: 4c89 6dc0 | 498b cfc5 | f877 4989 | afa8 0300 | 0049 8987 | 9803 0000 | 4883 ec20 | 40f6 c40f 
  0x000001e6d7fda700: 0f84 1900 | 0000 4883 | ec08 48b8 | 6088 5b7c | f87f 0000 | ffd0 4883 | c408 e90c | 0000 0048 
  0x000001e6d7fda720: b860 885b | 7cf8 7f00 | 00ff d048 | 83c4 2049 | c787 9803 | 0000 0000 | 0000 49c7 | 87a8 0300 
  0x000001e6d7fda740: 0000 0000 | 0049 c787 | a003 0000 | 0000 0000 | c5f8 7749 | 837f 0800 | 0f84 0500 | 0000 e99d 
  0x000001e6d7fda760: 67fe ff49 | 8b87 f003 | 0000 49c7 | 87f0 0300 | 0000 0000 | 004c 8b6d | c04c 8b75 | c84e 8d74 
  0x000001e6d7fda780: f500 c341 | 0fb6 5d03 | 4983 c503 | 49ba b0c5 | da7c f87f | 0000 41ff | 24da 660f | 1f44 0000 
[/MachCode]

---------------  P R O C E S S  ---------------

Threads class SMR info:
_java_thread_list=0x000001e6e4aee350, length=11, elements={
0x000001e6cd9335d0, 0x000001e6e4921e70, 0x000001e6e4926de0, 0x000001e6e4927450,
0x000001e6e4927eb0, 0x000001e6e4946140, 0x000001e6e4946ba0, 0x000001e6e4947600,
0x000001e6e494a3a0, 0x000001e6e49be2f0, 0x000001e6e4afedf0
}

Java Threads: ( => current thread )
=>0x000001e6cd9335d0 JavaThread "main"                              [_thread_in_vm, id=9624, stack(0x00000011e0d00000,0x00000011e0e00000) (1024K)]
  0x000001e6e4921e70 JavaThread "Common-Cleaner"             daemon [_thread_blocked, id=4416, stack(0x00000011e1500000,0x00000011e1600000) (1024K)]
  0x000001e6e4926de0 JavaThread "Reference Handler"          daemon [_thread_blocked, id=9984, stack(0x00000011e1600000,0x00000011e1700000) (1024K)]
  0x000001e6e4927450 JavaThread "Finalizer"                  daemon [_thread_blocked, id=6424, stack(0x00000011e1700000,0x00000011e1800000) (1024K)]
  0x000001e6e4927eb0 JavaThread "Signal Dispatcher"          daemon [_thread_blocked, id=13288, stack(0x00000011e1800000,0x00000011e1900000) (1024K)]
  0x000001e6e4946140 JavaThread "Attach Listener"            daemon [_thread_blocked, id=9104, stack(0x00000011e1900000,0x00000011e1a00000) (1024K)]
  0x000001e6e4946ba0 JavaThread "Service Thread"             daemon [_thread_blocked, id=960, stack(0x00000011e1a00000,0x00000011e1b00000) (1024K)]
  0x000001e6e4947600 JavaThread "Monitor Deflation Thread"   daemon [_thread_blocked, id=5728, stack(0x00000011e1b00000,0x00000011e1c00000) (1024K)]
  0x000001e6e494a3a0 JavaThread "C2 CompilerThread0"         daemon [_thread_blocked, id=3180, stack(0x00000011e1c00000,0x00000011e1d00000) (1024K)]
  0x000001e6e49be2f0 JavaThread "C1 CompilerThread0"         daemon [_thread_blocked, id=11536, stack(0x00000011e1d00000,0x00000011e1e00000) (1024K)]
  0x000001e6e4afedf0 JavaThread "Notification Thread"        daemon [_thread_blocked, id=4204, stack(0x00000011e1e00000,0x00000011e1f00000) (1024K)]
Total: 11

Other Threads:
  0x000001e6e47a4c70 VMThread "VM Thread"                           [id=13076, stack(0x00000011e1400000,0x00000011e1500000) (1024K)]
  0x000001e6e470c350 WatcherThread "VM Periodic Task Thread"        [id=13056, stack(0x00000011e1300000,0x00000011e1400000) (1024K)]
  0x000001e6cd986080 WorkerThread "GC Thread#0"                     [id=5796, stack(0x00000011e0e00000,0x00000011e0f00000) (1024K)]
  0x000001e6cd997f00 ConcurrentGCThread "G1 Main Marker"            [id=8220, stack(0x00000011e0f00000,0x00000011e1000000) (1024K)]
  0x000001e6cd998a80 WorkerThread "G1 Conc#0"                       [id=5296, stack(0x00000011e1000000,0x00000011e1100000) (1024K)]
  0x000001e6cd9fd830 ConcurrentGCThread "G1 Refine#0"               [id=13256, stack(0x00000011e1100000,0x00000011e1200000) (1024K)]
  0x000001e6cd9fe420 ConcurrentGCThread "G1 Service"                [id=12868, stack(0x00000011e1200000,0x00000011e1300000) (1024K)]
Total: 7

Threads with active compile tasks:
Total: 0

VM state: not at safepoint (normal execution)

VM Mutex/Monitor currently owned by a thread:  ([mutex/lock_event])
[0x00007ff87cd96438] Metaspace_lock - owner thread: 0x000001e6cd9335d0

Heap address: 0x0000000080400000, size: 2044 MB, Compressed Oops mode: 32-bit

CDS archive(s) not mapped
Compressed class space mapped at: 0x0000000100000000-0x0000000140000000, reserved size: 1073741824
Narrow klass base: 0x0000000000000000, Narrow klass shift: 3, Narrow klass range: 0x140000000

GC Precious Log:
 CardTable entry size: 512
 Card Set container configuration: InlinePtr #cards 5 size 8 Array Of Cards #cards 12 size 40 Howl #buckets 4 coarsen threshold 1843 Howl Bitmap #cards 512 size 80 coarsen threshold 460 Card regions per heap region 1 cards per card region 2048
 CPUs: 4 total, 4 available
 Memory: 8174M
 Large Page Support: Disabled
 NUMA Support: Disabled
 Compressed Oops: Enabled (32-bit)
 Heap Region Size: 1M
 Heap Min Capacity: 8M
 Heap Initial Capacity: 128M
 Heap Max Capacity: 2044M
 Pre-touch: Disabled
 Parallel Workers: 4
 Concurrent Workers: 1
 Concurrent Refinement Workers: 4
 Periodic GC: Disabled

Heap:
 garbage-first heap   total 131072K, used 1024K [0x0000000080400000, 0x0000000100000000)
  region size 1024K, 2 young (2048K), 0 survivors (0K)
 Metaspace       used 5863K, committed 5952K, reserved 1114112K
  class space    used 521K, committed 576K, reserved 1048576K

Heap Regions: E=young(eden), S=young(survivor), O=old, HS=humongous(starts), HC=humongous(continues), CS=collection set, F=free, TAMS=top-at-mark-start, PB=parsable bottom
|   0|0x0000000080400000, 0x0000000080400000, 0x0000000080500000|  0%| F|  |TAMS 0x0000000080400000| PB 0x0000000080400000| Untracked 
|   1|0x0000000080500000, 0x0000000080500000, 0x0000000080600000|  0%| F|  |TAMS 0x0000000080500000| PB 0x0000000080500000| Untracked 
|   2|0x0000000080600000, 0x0000000080600000, 0x0000000080700000|  0%| F|  |TAMS 0x0000000080600000| PB 0x0000000080600000| Untracked 
|   3|0x0000000080700000, 0x0000000080700000, 0x0000000080800000|  0%| F|  |TAMS 0x0000000080700000| PB 0x0000000080700000| Untracked 
|   4|0x0000000080800000, 0x0000000080800000, 0x0000000080900000|  0%| F|  |TAMS 0x0000000080800000| PB 0x0000000080800000| Untracked 
|   5|0x0000000080900000, 0x0000000080900000, 0x0000000080a00000|  0%| F|  |TAMS 0x0000000080900000| PB 0x0000000080900000| Untracked 
|   6|0x0000000080a00000, 0x0000000080a00000, 0x0000000080b00000|  0%| F|  |TAMS 0x0000000080a00000| PB 0x0000000080a00000| Untracked 
|   7|0x0000000080b00000, 0x0000000080b00000, 0x0000000080c00000|  0%| F|  |TAMS 0x0000000080b00000| PB 0x0000000080b00000| Untracked 
|   8|0x0000000080c00000, 0x0000000080c00000, 0x0000000080d00000|  0%| F|  |TAMS 0x0000000080c00000| PB 0x0000000080c00000| Untracked 
|   9|0x0000000080d00000, 0x0000000080d00000, 0x0000000080e00000|  0%| F|  |TAMS 0x0000000080d00000| PB 0x0000000080d00000| Untracked 
|  10|0x0000000080e00000, 0x0000000080e00000, 0x0000000080f00000|  0%| F|  |TAMS 0x0000000080e00000| PB 0x0000000080e00000| Untracked 
|  11|0x0000000080f00000, 0x0000000080f00000, 0x0000000081000000|  0%| F|  |TAMS 0x0000000080f00000| PB 0x0000000080f00000| Untracked 
|  12|0x0000000081000000, 0x0000000081000000, 0x0000000081100000|  0%| F|  |TAMS 0x0000000081000000| PB 0x0000000081000000| Untracked 
|  13|0x0000000081100000, 0x0000000081100000, 0x0000000081200000|  0%| F|  |TAMS 0x0000000081100000| PB 0x0000000081100000| Untracked 
|  14|0x0000000081200000, 0x0000000081200000, 0x0000000081300000|  0%| F|  |TAMS 0x0000000081200000| PB 0x0000000081200000| Untracked 
|  15|0x0000000081300000, 0x0000000081300000, 0x0000000081400000|  0%| F|  |TAMS 0x0000000081300000| PB 0x0000000081300000| Untracked 
|  16|0x0000000081400000, 0x0000000081400000, 0x0000000081500000|  0%| F|  |TAMS 0x0000000081400000| PB 0x0000000081400000| Untracked 
|  17|0x0000000081500000, 0x0000000081500000, 0x0000000081600000|  0%| F|  |TAMS 0x0000000081500000| PB 0x0000000081500000| Untracked 
|  18|0x0000000081600000, 0x0000000081600000, 0x0000000081700000|  0%| F|  |TAMS 0x0000000081600000| PB 0x0000000081600000| Untracked 
|  19|0x0000000081700000, 0x0000000081700000, 0x0000000081800000|  0%| F|  |TAMS 0x0000000081700000| PB 0x0000000081700000| Untracked 
|  20|0x0000000081800000, 0x0000000081800000, 0x0000000081900000|  0%| F|  |TAMS 0x0000000081800000| PB 0x0000000081800000| Untracked 
|  21|0x0000000081900000, 0x0000000081900000, 0x0000000081a00000|  0%| F|  |TAMS 0x0000000081900000| PB 0x0000000081900000| Untracked 
|  22|0x0000000081a00000, 0x0000000081a00000, 0x0000000081b00000|  0%| F|  |TAMS 0x0000000081a00000| PB 0x0000000081a00000| Untracked 
|  23|0x0000000081b00000, 0x0000000081b00000, 0x0000000081c00000|  0%| F|  |TAMS 0x0000000081b00000| PB 0x0000000081b00000| Untracked 
|  24|0x0000000081c00000, 0x0000000081c00000, 0x0000000081d00000|  0%| F|  |TAMS 0x0000000081c00000| PB 0x0000000081c00000| Untracked 
|  25|0x0000000081d00000, 0x0000000081d00000, 0x0000000081e00000|  0%| F|  |TAMS 0x0000000081d00000| PB 0x0000000081d00000| Untracked 
|  26|0x0000000081e00000, 0x0000000081e00000, 0x0000000081f00000|  0%| F|  |TAMS 0x0000000081e00000| PB 0x0000000081e00000| Untracked 
|  27|0x0000000081f00000, 0x0000000081f00000, 0x0000000082000000|  0%| F|  |TAMS 0x0000000081f00000| PB 0x0000000081f00000| Untracked 
|  28|0x0000000082000000, 0x0000000082000000, 0x0000000082100000|  0%| F|  |TAMS 0x0000000082000000| PB 0x0000000082000000| Untracked 
|  29|0x0000000082100000, 0x0000000082100000, 0x0000000082200000|  0%| F|  |TAMS 0x0000000082100000| PB 0x0000000082100000| Untracked 
|  30|0x0000000082200000, 0x0000000082200000, 0x0000000082300000|  0%| F|  |TAMS 0x0000000082200000| PB 0x0000000082200000| Untracked 
|  31|0x0000000082300000, 0x0000000082300000, 0x0000000082400000|  0%| F|  |TAMS 0x0000000082300000| PB 0x0000000082300000| Untracked 
|  32|0x0000000082400000, 0x0000000082400000, 0x0000000082500000|  0%| F|  |TAMS 0x0000000082400000| PB 0x0000000082400000| Untracked 
|  33|0x0000000082500000, 0x0000000082500000, 0x0000000082600000|  0%| F|  |TAMS 0x0000000082500000| PB 0x0000000082500000| Untracked 
|  34|0x0000000082600000, 0x0000000082600000, 0x0000000082700000|  0%| F|  |TAMS 0x0000000082600000| PB 0x0000000082600000| Untracked 
|  35|0x0000000082700000, 0x0000000082700000, 0x0000000082800000|  0%| F|  |TAMS 0x0000000082700000| PB 0x0000000082700000| Untracked 
|  36|0x0000000082800000, 0x0000000082800000, 0x0000000082900000|  0%| F|  |TAMS 0x0000000082800000| PB 0x0000000082800000| Untracked 
|  37|0x0000000082900000, 0x0000000082900000, 0x0000000082a00000|  0%| F|  |TAMS 0x0000000082900000| PB 0x0000000082900000| Untracked 
|  38|0x0000000082a00000, 0x0000000082a00000, 0x0000000082b00000|  0%| F|  |TAMS 0x0000000082a00000| PB 0x0000000082a00000| Untracked 
|  39|0x0000000082b00000, 0x0000000082b00000, 0x0000000082c00000|  0%| F|  |TAMS 0x0000000082b00000| PB 0x0000000082b00000| Untracked 
|  40|0x0000000082c00000, 0x0000000082c00000, 0x0000000082d00000|  0%| F|  |TAMS 0x0000000082c00000| PB 0x0000000082c00000| Untracked 
|  41|0x0000000082d00000, 0x0000000082d00000, 0x0000000082e00000|  0%| F|  |TAMS 0x0000000082d00000| PB 0x0000000082d00000| Untracked 
|  42|0x0000000082e00000, 0x0000000082e00000, 0x0000000082f00000|  0%| F|  |TAMS 0x0000000082e00000| PB 0x0000000082e00000| Untracked 
|  43|0x0000000082f00000, 0x0000000082f00000, 0x0000000083000000|  0%| F|  |TAMS 0x0000000082f00000| PB 0x0000000082f00000| Untracked 
|  44|0x0000000083000000, 0x0000000083000000, 0x0000000083100000|  0%| F|  |TAMS 0x0000000083000000| PB 0x0000000083000000| Untracked 
|  45|0x0000000083100000, 0x0000000083100000, 0x0000000083200000|  0%| F|  |TAMS 0x0000000083100000| PB 0x0000000083100000| Untracked 
|  46|0x0000000083200000, 0x0000000083200000, 0x0000000083300000|  0%| F|  |TAMS 0x0000000083200000| PB 0x0000000083200000| Untracked 
|  47|0x0000000083300000, 0x0000000083300000, 0x0000000083400000|  0%| F|  |TAMS 0x0000000083300000| PB 0x0000000083300000| Untracked 
|  48|0x0000000083400000, 0x0000000083400000, 0x0000000083500000|  0%| F|  |TAMS 0x0000000083400000| PB 0x0000000083400000| Untracked 
|  49|0x0000000083500000, 0x0000000083500000, 0x0000000083600000|  0%| F|  |TAMS 0x0000000083500000| PB 0x0000000083500000| Untracked 
|  50|0x0000000083600000, 0x0000000083600000, 0x0000000083700000|  0%| F|  |TAMS 0x0000000083600000| PB 0x0000000083600000| Untracked 
|  51|0x0000000083700000, 0x0000000083700000, 0x0000000083800000|  0%| F|  |TAMS 0x0000000083700000| PB 0x0000000083700000| Untracked 
|  52|0x0000000083800000, 0x0000000083800000, 0x0000000083900000|  0%| F|  |TAMS 0x0000000083800000| PB 0x0000000083800000| Untracked 
|  53|0x0000000083900000, 0x0000000083900000, 0x0000000083a00000|  0%| F|  |TAMS 0x0000000083900000| PB 0x0000000083900000| Untracked 
|  54|0x0000000083a00000, 0x0000000083a00000, 0x0000000083b00000|  0%| F|  |TAMS 0x0000000083a00000| PB 0x0000000083a00000| Untracked 
|  55|0x0000000083b00000, 0x0000000083b00000, 0x0000000083c00000|  0%| F|  |TAMS 0x0000000083b00000| PB 0x0000000083b00000| Untracked 
|  56|0x0000000083c00000, 0x0000000083c00000, 0x0000000083d00000|  0%| F|  |TAMS 0x0000000083c00000| PB 0x0000000083c00000| Untracked 
|  57|0x0000000083d00000, 0x0000000083d00000, 0x0000000083e00000|  0%| F|  |TAMS 0x0000000083d00000| PB 0x0000000083d00000| Untracked 
|  58|0x0000000083e00000, 0x0000000083e00000, 0x0000000083f00000|  0%| F|  |TAMS 0x0000000083e00000| PB 0x0000000083e00000| Untracked 
|  59|0x0000000083f00000, 0x0000000083f00000, 0x0000000084000000|  0%| F|  |TAMS 0x0000000083f00000| PB 0x0000000083f00000| Untracked 
|  60|0x0000000084000000, 0x0000000084000000, 0x0000000084100000|  0%| F|  |TAMS 0x0000000084000000| PB 0x0000000084000000| Untracked 
|  61|0x0000000084100000, 0x0000000084100000, 0x0000000084200000|  0%| F|  |TAMS 0x0000000084100000| PB 0x0000000084100000| Untracked 
|  62|0x0000000084200000, 0x0000000084200000, 0x0000000084300000|  0%| F|  |TAMS 0x0000000084200000| PB 0x0000000084200000| Untracked 
|  63|0x0000000084300000, 0x0000000084300000, 0x0000000084400000|  0%| F|  |TAMS 0x0000000084300000| PB 0x0000000084300000| Untracked 
|  64|0x0000000084400000, 0x0000000084400000, 0x0000000084500000|  0%| F|  |TAMS 0x0000000084400000| PB 0x0000000084400000| Untracked 
|  65|0x0000000084500000, 0x0000000084500000, 0x0000000084600000|  0%| F|  |TAMS 0x0000000084500000| PB 0x0000000084500000| Untracked 
|  66|0x0000000084600000, 0x0000000084600000, 0x0000000084700000|  0%| F|  |TAMS 0x0000000084600000| PB 0x0000000084600000| Untracked 
|  67|0x0000000084700000, 0x0000000084700000, 0x0000000084800000|  0%| F|  |TAMS 0x0000000084700000| PB 0x0000000084700000| Untracked 
|  68|0x0000000084800000, 0x0000000084800000, 0x0000000084900000|  0%| F|  |TAMS 0x0000000084800000| PB 0x0000000084800000| Untracked 
|  69|0x0000000084900000, 0x0000000084900000, 0x0000000084a00000|  0%| F|  |TAMS 0x0000000084900000| PB 0x0000000084900000| Untracked 
|  70|0x0000000084a00000, 0x0000000084a00000, 0x0000000084b00000|  0%| F|  |TAMS 0x0000000084a00000| PB 0x0000000084a00000| Untracked 
|  71|0x0000000084b00000, 0x0000000084b00000, 0x0000000084c00000|  0%| F|  |TAMS 0x0000000084b00000| PB 0x0000000084b00000| Untracked 
|  72|0x0000000084c00000, 0x0000000084c00000, 0x0000000084d00000|  0%| F|  |TAMS 0x0000000084c00000| PB 0x0000000084c00000| Untracked 
|  73|0x0000000084d00000, 0x0000000084d00000, 0x0000000084e00000|  0%| F|  |TAMS 0x0000000084d00000| PB 0x0000000084d00000| Untracked 
|  74|0x0000000084e00000, 0x0000000084e00000, 0x0000000084f00000|  0%| F|  |TAMS 0x0000000084e00000| PB 0x0000000084e00000| Untracked 
|  75|0x0000000084f00000, 0x0000000084f00000, 0x0000000085000000|  0%| F|  |TAMS 0x0000000084f00000| PB 0x0000000084f00000| Untracked 
|  76|0x0000000085000000, 0x0000000085000000, 0x0000000085100000|  0%| F|  |TAMS 0x0000000085000000| PB 0x0000000085000000| Untracked 
|  77|0x0000000085100000, 0x0000000085100000, 0x0000000085200000|  0%| F|  |TAMS 0x0000000085100000| PB 0x0000000085100000| Untracked 
|  78|0x0000000085200000, 0x0000000085200000, 0x0000000085300000|  0%| F|  |TAMS 0x0000000085200000| PB 0x0000000085200000| Untracked 
|  79|0x0000000085300000, 0x0000000085300000, 0x0000000085400000|  0%| F|  |TAMS 0x0000000085300000| PB 0x0000000085300000| Untracked 
|  80|0x0000000085400000, 0x0000000085400000, 0x0000000085500000|  0%| F|  |TAMS 0x0000000085400000| PB 0x0000000085400000| Untracked 
|  81|0x0000000085500000, 0x0000000085500000, 0x0000000085600000|  0%| F|  |TAMS 0x0000000085500000| PB 0x0000000085500000| Untracked 
|  82|0x0000000085600000, 0x0000000085600000, 0x0000000085700000|  0%| F|  |TAMS 0x0000000085600000| PB 0x0000000085600000| Untracked 
|  83|0x0000000085700000, 0x0000000085700000, 0x0000000085800000|  0%| F|  |TAMS 0x0000000085700000| PB 0x0000000085700000| Untracked 
|  84|0x0000000085800000, 0x0000000085800000, 0x0000000085900000|  0%| F|  |TAMS 0x0000000085800000| PB 0x0000000085800000| Untracked 
|  85|0x0000000085900000, 0x0000000085900000, 0x0000000085a00000|  0%| F|  |TAMS 0x0000000085900000| PB 0x0000000085900000| Untracked 
|  86|0x0000000085a00000, 0x0000000085a00000, 0x0000000085b00000|  0%| F|  |TAMS 0x0000000085a00000| PB 0x0000000085a00000| Untracked 
|  87|0x0000000085b00000, 0x0000000085b00000, 0x0000000085c00000|  0%| F|  |TAMS 0x0000000085b00000| PB 0x0000000085b00000| Untracked 
|  88|0x0000000085c00000, 0x0000000085c00000, 0x0000000085d00000|  0%| F|  |TAMS 0x0000000085c00000| PB 0x0000000085c00000| Untracked 
|  89|0x0000000085d00000, 0x0000000085d00000, 0x0000000085e00000|  0%| F|  |TAMS 0x0000000085d00000| PB 0x0000000085d00000| Untracked 
|  90|0x0000000085e00000, 0x0000000085e00000, 0x0000000085f00000|  0%| F|  |TAMS 0x0000000085e00000| PB 0x0000000085e00000| Untracked 
|  91|0x0000000085f00000, 0x0000000085f00000, 0x0000000086000000|  0%| F|  |TAMS 0x0000000085f00000| PB 0x0000000085f00000| Untracked 
|  92|0x0000000086000000, 0x0000000086000000, 0x0000000086100000|  0%| F|  |TAMS 0x0000000086000000| PB 0x0000000086000000| Untracked 
|  93|0x0000000086100000, 0x0000000086100000, 0x0000000086200000|  0%| F|  |TAMS 0x0000000086100000| PB 0x0000000086100000| Untracked 
|  94|0x0000000086200000, 0x0000000086200000, 0x0000000086300000|  0%| F|  |TAMS 0x0000000086200000| PB 0x0000000086200000| Untracked 
|  95|0x0000000086300000, 0x0000000086300000, 0x0000000086400000|  0%| F|  |TAMS 0x0000000086300000| PB 0x0000000086300000| Untracked 
|  96|0x0000000086400000, 0x0000000086400000, 0x0000000086500000|  0%| F|  |TAMS 0x0000000086400000| PB 0x0000000086400000| Untracked 
|  97|0x0000000086500000, 0x0000000086500000, 0x0000000086600000|  0%| F|  |TAMS 0x0000000086500000| PB 0x0000000086500000| Untracked 
|  98|0x0000000086600000, 0x0000000086600000, 0x0000000086700000|  0%| F|  |TAMS 0x0000000086600000| PB 0x0000000086600000| Untracked 
|  99|0x0000000086700000, 0x0000000086700000, 0x0000000086800000|  0%| F|  |TAMS 0x0000000086700000| PB 0x0000000086700000| Untracked 
| 100|0x0000000086800000, 0x0000000086800000, 0x0000000086900000|  0%| F|  |TAMS 0x0000000086800000| PB 0x0000000086800000| Untracked 
| 101|0x0000000086900000, 0x0000000086900000, 0x0000000086a00000|  0%| F|  |TAMS 0x0000000086900000| PB 0x0000000086900000| Untracked 
| 102|0x0000000086a00000, 0x0000000086a00000, 0x0000000086b00000|  0%| F|  |TAMS 0x0000000086a00000| PB 0x0000000086a00000| Untracked 
| 103|0x0000000086b00000, 0x0000000086b00000, 0x0000000086c00000|  0%| F|  |TAMS 0x0000000086b00000| PB 0x0000000086b00000| Untracked 
| 104|0x0000000086c00000, 0x0000000086c00000, 0x0000000086d00000|  0%| F|  |TAMS 0x0000000086c00000| PB 0x0000000086c00000| Untracked 
| 105|0x0000000086d00000, 0x0000000086d00000, 0x0000000086e00000|  0%| F|  |TAMS 0x0000000086d00000| PB 0x0000000086d00000| Untracked 
| 106|0x0000000086e00000, 0x0000000086e00000, 0x0000000086f00000|  0%| F|  |TAMS 0x0000000086e00000| PB 0x0000000086e00000| Untracked 
| 107|0x0000000086f00000, 0x0000000086f00000, 0x0000000087000000|  0%| F|  |TAMS 0x0000000086f00000| PB 0x0000000086f00000| Untracked 
| 108|0x0000000087000000, 0x0000000087000000, 0x0000000087100000|  0%| F|  |TAMS 0x0000000087000000| PB 0x0000000087000000| Untracked 
| 109|0x0000000087100000, 0x0000000087100000, 0x0000000087200000|  0%| F|  |TAMS 0x0000000087100000| PB 0x0000000087100000| Untracked 
| 110|0x0000000087200000, 0x0000000087200000, 0x0000000087300000|  0%| F|  |TAMS 0x0000000087200000| PB 0x0000000087200000| Untracked 
| 111|0x0000000087300000, 0x0000000087300000, 0x0000000087400000|  0%| F|  |TAMS 0x0000000087300000| PB 0x0000000087300000| Untracked 
| 112|0x0000000087400000, 0x0000000087400000, 0x0000000087500000|  0%| F|  |TAMS 0x0000000087400000| PB 0x0000000087400000| Untracked 
| 113|0x0000000087500000, 0x0000000087500000, 0x0000000087600000|  0%| F|  |TAMS 0x0000000087500000| PB 0x0000000087500000| Untracked 
| 114|0x0000000087600000, 0x0000000087600000, 0x0000000087700000|  0%| F|  |TAMS 0x0000000087600000| PB 0x0000000087600000| Untracked 
| 115|0x0000000087700000, 0x0000000087700000, 0x0000000087800000|  0%| F|  |TAMS 0x0000000087700000| PB 0x0000000087700000| Untracked 
| 116|0x0000000087800000, 0x0000000087800000, 0x0000000087900000|  0%| F|  |TAMS 0x0000000087800000| PB 0x0000000087800000| Untracked 
| 117|0x0000000087900000, 0x0000000087900000, 0x0000000087a00000|  0%| F|  |TAMS 0x0000000087900000| PB 0x0000000087900000| Untracked 
| 118|0x0000000087a00000, 0x0000000087a00000, 0x0000000087b00000|  0%| F|  |TAMS 0x0000000087a00000| PB 0x0000000087a00000| Untracked 
| 119|0x0000000087b00000, 0x0000000087b00000, 0x0000000087c00000|  0%| F|  |TAMS 0x0000000087b00000| PB 0x0000000087b00000| Untracked 
| 120|0x0000000087c00000, 0x0000000087c00000, 0x0000000087d00000|  0%| F|  |TAMS 0x0000000087c00000| PB 0x0000000087c00000| Untracked 
| 121|0x0000000087d00000, 0x0000000087d00000, 0x0000000087e00000|  0%| F|  |TAMS 0x0000000087d00000| PB 0x0000000087d00000| Untracked 
| 122|0x0000000087e00000, 0x0000000087e00000, 0x0000000087f00000|  0%| F|  |TAMS 0x0000000087e00000| PB 0x0000000087e00000| Untracked 
| 123|0x0000000087f00000, 0x0000000087f00000, 0x0000000088000000|  0%| F|  |TAMS 0x0000000087f00000| PB 0x0000000087f00000| Untracked 
| 124|0x0000000088000000, 0x0000000088000000, 0x0000000088100000|  0%| F|  |TAMS 0x0000000088000000| PB 0x0000000088000000| Untracked 
| 125|0x0000000088100000, 0x0000000088100000, 0x0000000088200000|  0%| F|  |TAMS 0x0000000088100000| PB 0x0000000088100000| Untracked 
| 126|0x0000000088200000, 0x00000000882c7b70, 0x0000000088300000| 78%| E|  |TAMS 0x0000000088200000| PB 0x0000000088200000| Complete 
| 127|0x0000000088300000, 0x0000000088400000, 0x0000000088400000|100%| E|CS|TAMS 0x0000000088300000| PB 0x0000000088300000| Complete 

Card table byte_map: [0x000001e6dfe90000,0x000001e6e0290000] _byte_map_base: 0x000001e6dfa8e000

Marking Bits: (CMBitMap*) 0x000001e6cd986690
 Bits: [0x000001e6e0290000, 0x000001e6e2280000)

Polling page: 0x000001e6cb7f0000

Metaspace:

Usage:
  Non-class:      5.22 MB used.
      Class:    521.73 KB used.
       Both:      5.73 MB used.

Virtual space:
  Non-class space:       64.00 MB reserved,       5.25 MB (  8%) committed,  1 nodes.
      Class space:        1.00 GB reserved,     576.00 KB ( <1%) committed,  1 nodes.
             Both:        1.06 GB reserved,       5.81 MB ( <1%) committed. 

Chunk freelists:
   Non-Class:  10.47 MB
       Class:  15.25 MB
        Both:  25.72 MB

MaxMetaspaceSize: unlimited
CompressedClassSpaceSize: 1.00 GB
Initial GC threshold: 21.00 MB
Current GC threshold: 21.00 MB
CDS: off
 - commit_granule_bytes: 65536.
 - commit_granule_words: 8192.
 - virtual_space_node_default_size: 8388608.
 - enlarge_chunks_in_place: 1.
 - use_allocation_guard: 0.


Internal statistics:

num_allocs_failed_limit: 0.
num_arena_births: 4.
num_arena_deaths: 0.
num_vsnodes_births: 2.
num_vsnodes_deaths: 0.
num_space_committed: 93.
num_space_uncommitted: 0.
num_chunks_returned_to_freelist: 0.
num_chunks_taken_from_freelist: 17.
num_chunk_merges: 0.
num_chunk_splits: 7.
num_chunks_enlarged: 4.
num_inconsistent_stats: 0.

CodeHeap 'non-profiled nmethods': size=120000Kb used=22Kb max_used=22Kb free=119977Kb
 bounds [0x000001e6d8560000, 0x000001e6d87d0000, 0x000001e6dfa90000]
CodeHeap 'profiled nmethods': size=120000Kb used=109Kb max_used=109Kb free=119890Kb
 bounds [0x000001e6d0a90000, 0x000001e6d0d00000, 0x000001e6d7fc0000]
CodeHeap 'non-nmethods': size=5760Kb used=1228Kb max_used=1228Kb free=4531Kb
 bounds [0x000001e6d7fc0000, 0x000001e6d8230000, 0x000001e6d8560000]
CodeCache: size=245760Kb, used=1359Kb, max_used=1359Kb, free=244398Kb
 total_blobs=461, nmethods=89, adapters=277, full_count=0
Compilation: enabled, stopped_count=0, restarted_count=0

Compilation events (20 events):
Event: 0.173 Thread 0x000001e6e49be2f0   74       3       java.lang.StringLatin1::indexOf (37 bytes)
Event: 0.174 Thread 0x000001e6e49be2f0 nmethod 74 0x000001e6d0aa7c90 code [0x000001e6d0aa7e80, 0x000001e6d0aa8378]
Event: 0.178 Thread 0x000001e6e49be2f0   75       3       java.util.zip.ZipUtils::SH (21 bytes)
Event: 0.178 Thread 0x000001e6e49be2f0 nmethod 75 0x000001e6d0aa8590 code [0x000001e6d0aa8740, 0x000001e6d0aa8888]
Event: 0.187 Thread 0x000001e6e49be2f0   76       3       java.util.HashMap::<init> (11 bytes)
Event: 0.187 Thread 0x000001e6e49be2f0 nmethod 76 0x000001e6d0aa8990 code [0x000001e6d0aa8b40, 0x000001e6d0aa8d10]
Event: 0.194 Thread 0x000001e6e49be2f0   77       3       java.lang.String::isEmpty (14 bytes)
Event: 0.194 Thread 0x000001e6e49be2f0 nmethod 77 0x000001e6d0aa8e10 code [0x000001e6d0aa8fc0, 0x000001e6d0aa9128]
Event: 0.196 Thread 0x000001e6e49be2f0   78       3       java.lang.String::indexOf (7 bytes)
Event: 0.196 Thread 0x000001e6e49be2f0 nmethod 78 0x000001e6d0aa9210 code [0x000001e6d0aa93c0, 0x000001e6d0aa9500]
Event: 0.196 Thread 0x000001e6e49be2f0   79       3       java.io.WinNTFileSystem::isSlash (18 bytes)
Event: 0.196 Thread 0x000001e6e49be2f0 nmethod 79 0x000001e6d0aa9590 code [0x000001e6d0aa9740, 0x000001e6d0aa98d0]
Event: 0.201 Thread 0x000001e6e49be2f0   81       3       java.lang.StringLatin1::lastIndexOf (40 bytes)
Event: 0.201 Thread 0x000001e6e49be2f0 nmethod 81 0x000001e6d0aa9990 code [0x000001e6d0aa9b60, 0x000001e6d0aa9f30]
Event: 0.211 Thread 0x000001e6e49be2f0   84       3       java.util.HashMap::get (19 bytes)
Event: 0.211 Thread 0x000001e6e49be2f0 nmethod 84 0x000001e6d0aaa090 code [0x000001e6d0aaa240, 0x000001e6d0aaa3f0]
Event: 0.211 Thread 0x000001e6e49be2f0   86       3       java.util.concurrent.ConcurrentHashMap::get (162 bytes)
Event: 0.212 Thread 0x000001e6e49be2f0 nmethod 86 0x000001e6d0aaa510 code [0x000001e6d0aaa780, 0x000001e6d0aab198]
Event: 0.213 Thread 0x000001e6e49be2f0   89       1       java.lang.Enum::ordinal (5 bytes)
Event: 0.213 Thread 0x000001e6e49be2f0 nmethod 89 0x000001e6d8565590 code [0x000001e6d8565720, 0x000001e6d85657e8]

GC Heap History (0 events):
No events

Dll operation events (3 events):
Event: 0.010 Loaded shared library C:\Program Files\Android\Android Studio\jbr\bin\java.dll
Event: 0.018 Loaded shared library C:\Program Files\Android\Android Studio\jbr\bin\zip.dll
Event: 0.194 Loaded shared library C:\Program Files\Android\Android Studio\jbr\bin\verify.dll

Deoptimization events (0 events):
No events

Classes loaded (20 events):
Event: 0.210 Loading class java/lang/invoke/MethodHandleImpl$Intrinsic
Event: 0.210 Loading class java/lang/invoke/MethodHandleImpl$Intrinsic done
Event: 0.211 Loading class java/util/regex/Pattern$BmpCharPredicate
Event: 0.211 Loading class java/util/regex/Pattern$CharPredicate
Event: 0.211 Loading class java/util/regex/Pattern$CharPredicate done
Event: 0.211 Loading class java/util/regex/Pattern$BmpCharPredicate done
Event: 0.211 Loading class java/lang/invoke/BootstrapMethodInvoker
Event: 0.211 Loading class java/lang/invoke/BootstrapMethodInvoker done
Event: 0.212 Loading class java/lang/invoke/VarHandle$AccessMode
Event: 0.212 Loading class java/lang/invoke/VarHandle$AccessMode done
Event: 0.212 Loading class java/lang/invoke/VarHandle$AccessType
Event: 0.212 Loading class java/lang/invoke/VarHandle$AccessType done
Event: 0.212 Loading class java/lang/invoke/Invokers$Holder
Event: 0.212 Loading class java/lang/invoke/Invokers$Holder done
Event: 0.213 Loading class java/lang/invoke/MethodHandleImpl$1
Event: 0.213 Loading class jdk/internal/access/JavaLangInvokeAccess
Event: 0.213 Loading class jdk/internal/access/JavaLangInvokeAccess done
Event: 0.213 Loading class java/lang/invoke/MethodHandleImpl$1 done
Event: 0.213 Loading class java/lang/invoke/InnerClassLambdaMetafactory
Event: 0.213 Loading class java/lang/invoke/AbstractValidatingLambdaMetafactory

Classes unloaded (0 events):
No events

Classes redefined (0 events):
No events

Internal exceptions (0 events):
No events

ZGC Phase Switch (0 events):
No events

VM Operations (2 events):
Event: 0.187 Executing VM operation: HandshakeAllThreads (Deoptimize)
Event: 0.187 Executing VM operation: HandshakeAllThreads (Deoptimize) done

Memory protections (0 events):
No events

Nmethod flushes (0 events):
No events

Events (14 events):
Event: 0.016 Thread 0x000001e6cd9335d0 Thread added: 0x000001e6cd9335d0
Event: 0.080 Thread 0x000001e6cd9335d0 Thread added: 0x000001e6e4921e70
Event: 0.086 Thread 0x000001e6cd9335d0 Thread added: 0x000001e6e4926de0
Event: 0.086 Thread 0x000001e6cd9335d0 Thread added: 0x000001e6e4927450
Event: 0.087 Thread 0x000001e6cd9335d0 Thread added: 0x000001e6e4927eb0
Event: 0.087 Thread 0x000001e6cd9335d0 Thread added: 0x000001e6e4946140
Event: 0.088 Thread 0x000001e6cd9335d0 Thread added: 0x000001e6e4946ba0
Event: 0.088 Thread 0x000001e6cd9335d0 Thread added: 0x000001e6e4947600
Event: 0.088 Thread 0x000001e6cd9335d0 Thread added: 0x000001e6e494a3a0
Event: 0.094 Thread 0x000001e6cd9335d0 Thread added: 0x000001e6e49be2f0
Event: 0.157 Thread 0x000001e6cd9335d0 Thread added: 0x000001e6e4afedf0
Event: 0.171 Loaded shared library C:\Program Files\Android\Android Studio\jbr\bin\net.dll
Event: 0.174 Loaded shared library C:\Program Files\Android\Android Studio\jbr\bin\nio.dll
Event: 0.184 Loaded shared library C:\Program Files\Android\Android Studio\jbr\bin\zip.dll


Dynamic libraries:
0x00007ff748a40000 - 0x00007ff748a4a000 	C:\Program Files\Android\Android Studio\jbr\bin\java.exe
0x00007ff8b68b0000 - 0x00007ff8b6aa8000 	C:\WINDOWS\SYSTEM32\ntdll.dll
0x00007ff8b6440000 - 0x00007ff8b6502000 	C:\WINDOWS\System32\KERNEL32.DLL
0x00007ff8b41c0000 - 0x00007ff8b44b6000 	C:\WINDOWS\System32\KERNELBASE.dll
0x00007ff8b3f40000 - 0x00007ff8b4040000 	C:\WINDOWS\System32\ucrtbase.dll
0x00007ff8aaea0000 - 0x00007ff8aaeb8000 	C:\Program Files\Android\Android Studio\jbr\bin\jli.dll
0x00007ff8b4a50000 - 0x00007ff8b4bf1000 	C:\WINDOWS\System32\USER32.dll
0x00007ff8b4620000 - 0x00007ff8b4642000 	C:\WINDOWS\System32\win32u.dll
0x00007ff8b4e20000 - 0x00007ff8b4e4b000 	C:\WINDOWS\System32\GDI32.dll
0x00007ff8b4650000 - 0x00007ff8b4769000 	C:\WINDOWS\System32\gdi32full.dll
0x00007ff8b4120000 - 0x00007ff8b41bd000 	C:\WINDOWS\System32\msvcp_win.dll
0x00007ff8a33f0000 - 0x00007ff8a340b000 	C:\Program Files\Android\Android Studio\jbr\bin\VCRUNTIME140.dll
0x00007ff8a4f80000 - 0x00007ff8a521b000 	C:\WINDOWS\WinSxS\amd64_microsoft.windows.common-controls_6595b64144ccf1df_6.0.19041.6456_none_60b8a6cb71f64256\COMCTL32.dll
0x00007ff8b4c00000 - 0x00007ff8b4c9e000 	C:\WINDOWS\System32\msvcrt.dll
0x00007ff8b4a20000 - 0x00007ff8b4a4f000 	C:\WINDOWS\System32\IMM32.DLL
0x00007ff8aaf70000 - 0x00007ff8aaf7c000 	C:\Program Files\Android\Android Studio\jbr\bin\vcruntime140_1.dll
0x00007ff88d450000 - 0x00007ff88d4dd000 	C:\Program Files\Android\Android Studio\jbr\bin\msvcp140.dll
0x00007ff87c1e0000 - 0x00007ff87ce76000 	C:\Program Files\Android\Android Studio\jbr\bin\server\jvm.dll
0x00007ff8b6020000 - 0x00007ff8b60d1000 	C:\WINDOWS\System32\ADVAPI32.dll
0x00007ff8b6510000 - 0x00007ff8b65af000 	C:\WINDOWS\System32\sechost.dll
0x00007ff8b4d00000 - 0x00007ff8b4e20000 	C:\WINDOWS\System32\RPCRT4.dll
0x00007ff8b4040000 - 0x00007ff8b4067000 	C:\WINDOWS\System32\bcrypt.dll
0x00007ff8b53c0000 - 0x00007ff8b542b000 	C:\WINDOWS\System32\WS2_32.dll
0x00007ff8b3480000 - 0x00007ff8b34cb000 	C:\WINDOWS\SYSTEM32\POWRPROF.dll
0x00007ff8aab90000 - 0x00007ff8aabb7000 	C:\WINDOWS\SYSTEM32\WINMM.dll
0x00007ff8ad100000 - 0x00007ff8ad10a000 	C:\WINDOWS\SYSTEM32\VERSION.dll
0x00007ff8b3340000 - 0x00007ff8b3352000 	C:\WINDOWS\SYSTEM32\UMPDC.dll
0x00007ff8b1dd0000 - 0x00007ff8b1de2000 	C:\WINDOWS\SYSTEM32\kernel.appcore.dll
0x00007ff8a3360000 - 0x00007ff8a336a000 	C:\Program Files\Android\Android Studio\jbr\bin\jimage.dll
0x00007ff8ae390000 - 0x00007ff8ae591000 	C:\WINDOWS\SYSTEM32\DBGHELP.DLL
0x00007ff8a2380000 - 0x00007ff8a23b4000 	C:\WINDOWS\SYSTEM32\dbgcore.DLL
0x00007ff8b4840000 - 0x00007ff8b48c2000 	C:\WINDOWS\System32\bcryptPrimitives.dll
0x00007ff8a0bb0000 - 0x00007ff8a0bd0000 	C:\Program Files\Android\Android Studio\jbr\bin\java.dll
0x00007ff8a0b90000 - 0x00007ff8a0ba8000 	C:\Program Files\Android\Android Studio\jbr\bin\zip.dll
0x00007ff8b5430000 - 0x00007ff8b5ba0000 	C:\WINDOWS\System32\SHELL32.dll
0x00007ff8b1fd0000 - 0x00007ff8b2775000 	C:\WINDOWS\SYSTEM32\windows.storage.dll
0x00007ff8b60e0000 - 0x00007ff8b6434000 	C:\WINDOWS\System32\combase.dll
0x00007ff8b3970000 - 0x00007ff8b399b000 	C:\WINDOWS\SYSTEM32\Wldp.dll
0x00007ff8b4e50000 - 0x00007ff8b4f1d000 	C:\WINDOWS\System32\OLEAUT32.dll
0x00007ff8b5260000 - 0x00007ff8b530d000 	C:\WINDOWS\System32\SHCORE.dll
0x00007ff8b4f20000 - 0x00007ff8b4f7b000 	C:\WINDOWS\System32\shlwapi.dll
0x00007ff8b3e70000 - 0x00007ff8b3e94000 	C:\WINDOWS\SYSTEM32\profapi.dll
0x00007ff8a25a0000 - 0x00007ff8a25b0000 	C:\Program Files\Android\Android Studio\jbr\bin\net.dll
0x00007ff8ad620000 - 0x00007ff8ad72a000 	C:\WINDOWS\SYSTEM32\WINHTTP.dll
0x00007ff8b36d0000 - 0x00007ff8b373a000 	C:\WINDOWS\system32\mswsock.dll
0x00007ff8a0b70000 - 0x00007ff8a0b86000 	C:\Program Files\Android\Android Studio\jbr\bin\nio.dll
0x00007ff8a24d0000 - 0x00007ff8a24e0000 	C:\Program Files\Android\Android Studio\jbr\bin\verify.dll

JVMTI agents: none

dbghelp: loaded successfully - version: 4.0.5 - missing functions: none
symbol engine: initialized successfully - sym options: 0x614 - pdb path: .;C:\Program Files\Android\Android Studio\jbr\bin;C:\WINDOWS\SYSTEM32;C:\WINDOWS\WinSxS\amd64_microsoft.windows.common-controls_6595b64144ccf1df_6.0.19041.6456_none_60b8a6cb71f64256;C:\Program Files\Android\Android Studio\jbr\bin\server

VM Arguments:
jvm_args: -Dorg.gradle.appname=gradlew 
java_command: org.gradle.wrapper.GradleWrapperMain -q -Ptarget-platform=android-arm -Ptarget=C:\Users\Alem21\Desktop\V3\servitec_app\lib\main.dart -Pbase-application-name=android.app.Application -Pdart-defines=RkxVVFRFUl9WRVJTSU9OPTMuMzguNQ==,RkxVVFRFUl9DSEFOTkVMPXN0YWJsZQ==,RkxVVFRFUl9HSVRfVVJMPWh0dHBzOi8vZ2l0aHViLmNvbS9mbHV0dGVyL2ZsdXR0ZXIuZ2l0,RkxVVFRFUl9GUkFNRVdPUktfUkVWSVNJT049ZjZmZjE1MjlmZA==,RkxVVFRFUl9FTkdJTkVfUkVWSVNJT049MTUyN2FlMGVjNQ==,RkxVVFRFUl9EQVJUX1ZFUlNJT049My4xMC40 -Pdart-obfuscation=false -Ptrack-widget-creation=true -Ptree-shake-icons=false -Pfilesystem-scheme=org-dartlang-root assembleDebug
java_class_path (initial): C:\Users\Alem21\Desktop\V3\servitec_app\android\\gradle\wrapper\gradle-wrapper.jar
Launcher Type: SUN_STANDARD

[Global flags]
     intx CICompilerCount                          = 3                                         {product} {ergonomic}
     uint ConcGCThreads                            = 1                                         {product} {ergonomic}
     uint G1ConcRefinementThreads                  = 4                                         {product} {ergonomic}
   size_t G1HeapRegionSize                         = 1048576                                   {product} {ergonomic}
    uintx GCDrainStackTargetSize                   = 64                                        {product} {ergonomic}
   size_t InitialHeapSize                          = 134217728                                 {product} {ergonomic}
   size_t MarkStackSize                            = 4194304                                   {product} {ergonomic}
   size_t MaxHeapSize                              = 2143289344                                {product} {ergonomic}
   size_t MaxNewSize                               = 1285554176                                {product} {ergonomic}
   size_t MinHeapDeltaBytes                        = 1048576                                   {product} {ergonomic}
   size_t MinHeapSize                              = 8388608                                   {product} {ergonomic}
    uintx NonNMethodCodeHeapSize                   = 5832780                                {pd product} {ergonomic}
    uintx NonProfiledCodeHeapSize                  = 122912730                              {pd product} {ergonomic}
    uintx ProfiledCodeHeapSize                     = 122912730                              {pd product} {ergonomic}
    uintx ReservedCodeCacheSize                    = 251658240                              {pd product} {ergonomic}
     bool SegmentedCodeCache                       = true                                      {product} {ergonomic}
   size_t SoftMaxHeapSize                          = 2143289344                             {manageable} {ergonomic}
     bool UseCompressedOops                        = true                           {product lp64_product} {ergonomic}
     bool UseG1GC                                  = true                                      {product} {ergonomic}
     bool UseLargePagesIndividualAllocation        = false                                  {pd product} {ergonomic}

Logging:
Log output configuration:
 #0: stdout all=warning uptime,level,tags foldmultilines=false
 #1: stderr all=off uptime,level,tags foldmultilines=false

Environment Variables:
JAVA_HOME=C:\Program Files\Android\Android Studio\jbr
CLASSPATH=C:\Users\Alem21\Desktop\V3\servitec_app\android\\gradle\wrapper\gradle-wrapper.jar
PATH=C:\Program Files\Android\Android Studio\jbr\bin;C:\Program Files (x86)\NVIDIA Corporation\PhysX\Common;C:\Program Files\Common Files\Oracle\Java\javapath;C:\WINDOWS\system32;C:\WINDOWS;C:\WINDOWS\System32\Wbem;C:\WINDOWS\System32\WindowsPowerShell\v1.0\;C:\WINDOWS\System32\OpenSSH\;C:\dev\flutter\bin;C:\Android\SDK\cmdline-tools\tools\bin;C:\Android\SDK\emulator;C:\Android\SDK\platform-tools;C:\Program Files\Java\jdk-25\bin;C:\Program Files\Java\jdk-25\bin;C:\Program Files\dotnet\;C:\Program Files (x86)\Windows Kits\10\Windows Performance Toolkit\;C:\Program Files\nodejs\;C:\Users\Alem21\AppData\Local\Programs\Python\Python314\Scripts\;C:\Users\Alem21\AppData\Local\Programs\Python\Python314\;C:\Users\Alem21\AppData\Local\Programs\Python\Launcher\;C:\Program Files\MySQL\MySQL Shell 8.0\bin\;C:\Users\Alem21\AppData\Local\Microsoft\WindowsApps;C:\dev\flutter\bin;C:\Android\SDK\cmdline-tools\tools\bin;C:\Android\SDK\emulator;C:\Android\SDK\platform-tools;C:\Users\Alem21\AppData\Local\Programs\Microsoft VS Code\bin;C:\Users\Alem21\AppData\Local\Python\bin;C:\Users\Alem21\AppData\Roaming\npm;C:\dev\flutter\bin\mingit\cmd;C:\dev\flutter\bin\mingit\cmd
USERNAME=Alem21
OS=Windows_NT
PROCESSOR_IDENTIFIER=Intel64 Family 6 Model 42 Stepping 7, GenuineIntel
TMP=C:\Users\Alem21\AppData\Local\Temp
TEMP=C:\Users\Alem21\AppData\Local\Temp




Periodic native trim disabled

JNI global refs:
JNI global refs: 7, weak refs: 0

JNI global refs memory usage: 835, weak refs: 201

Process memory usage:
Resident Set Size: 33164K (0% of 8370832K total physical memory with 595952K free physical memory)

OOME stack traces (most recent first):
Classloader memory used:
Loader bootstrap                                                                       : 5828K
Loader jdk.internal.loader.ClassLoaders$AppClassLoader                                 : 35552B

---------------  S Y S T E M  ---------------

OS:
 Windows 10 , 64 bit Build 19041 (10.0.19041.5915)
OS uptime: 0 days 4:38 hours

CPU: total 4 (initial active 4) (4 cores per cpu, 1 threads per core) family 6 model 42 stepping 7 microcode 0x2f, cx8, cmov, fxsr, mmx, sse, sse2, sse3, ssse3, sse4.1, sse4.2, popcnt, tsc, tscinvbit, avx, aes, clmul, vzeroupper, clflush, rdtscp
Processor Information for the first 4 processors :
  Max Mhz: 3101, Current Mhz: 3101, Mhz Limit: 3101

Memory: 4k page, system-wide physical 8174M (581M free)
TotalPageFile size 11995M (AvailPageFile size 2M)
current process WorkingSet (physical memory assigned to process): 32M, peak: 32M
current process commit charge ("private bytes"): 194M, peak: 195M

vm_info: OpenJDK 64-Bit Server VM (21.0.8+-14196175-b1038.72) for windows-amd64 JRE (21.0.8+-14196175-b1038.72), built on 2025-10-01T10:24:33Z by "builder" with MS VC++ 16.10 / 16.11 (VS2019)

END.
